Determining if the pthread_create exist failed with the following output:
Change Dir: /home/workspace/SFND_Lidar_Obstacle_Detection/src/quiz/ransac/build/CMakeFiles/CMakeTmp

Run Build Command:"/usr/bin/make" "cmTC_6ac7c/fast"
/usr/bin/make -f CMakeFiles/cmTC_6ac7c.dir/build.make CMakeFiles/cmTC_6ac7c.dir/build
make[1]: Entering directory '/home/workspace/SFND_Lidar_Obstacle_Detection/src/quiz/ransac/build/CMakeFiles/CMakeTmp'
Building C object CMakeFiles/cmTC_6ac7c.dir/CheckSymbolExists.c.o
/usr/bin/cc    -o CMakeFiles/cmTC_6ac7c.dir/CheckSymbolExists.c.o   -c /home/workspace/SFND_Lidar_Obstacle_Detection/src/quiz/ransac/build/CMakeFiles/CMakeTmp/CheckSymbolExists.c
Linking C executable cmTC_6ac7c
/usr/local/bin/cmake -E cmake_link_script CMakeFiles/cmTC_6ac7c.dir/link.txt --verbose=1
/usr/bin/cc      -rdynamic CMakeFiles/cmTC_6ac7c.dir/CheckSymbolExists.c.o  -o cmTC_6ac7c 
CMakeFiles/cmTC_6ac7c.dir/CheckSymbolExists.c.o: In function `main':
CheckSymbolExists.c:(.text+0x16): undefined reference to `pthread_create'
collect2: error: ld returned 1 exit status
CMakeFiles/cmTC_6ac7c.dir/build.make:86: recipe for target 'cmTC_6ac7c' failed
make[1]: *** [cmTC_6ac7c] Error 1
make[1]: Leaving directory '/home/workspace/SFND_Lidar_Obstacle_Detection/src/quiz/ransac/build/CMakeFiles/CMakeTmp'
Makefile:121: recipe for target 'cmTC_6ac7c/fast' failed
make: *** [cmTC_6ac7c/fast] Error 2

File /home/workspace/SFND_Lidar_Obstacle_Detection/src/quiz/ransac/build/CMakeFiles/CMakeTmp/CheckSymbolExists.c:
/* */
#include <pthread.h>

int main(int argc, char** argv)
{
  (void)argv;
#ifndef pthread_create
  return ((int*)(&pthread_create))[argc];
#else
  (void)argc;
  return 0;
#endif
}

Determining if the function pthread_create exists in the pthreads failed with the following output:
Change Dir: /home/workspace/SFND_Lidar_Obstacle_Detection/src/quiz/ransac/build/CMakeFiles/CMakeTmp

Run Build Command:"/usr/bin/make" "cmTC_176de/fast"
/usr/bin/make -f CMakeFiles/cmTC_176de.dir/build.make CMakeFiles/cmTC_176de.dir/build
make[1]: Entering directory '/home/workspace/SFND_Lidar_Obstacle_Detection/src/quiz/ransac/build/CMakeFiles/CMakeTmp'
Building C object CMakeFiles/cmTC_176de.dir/CheckFunctionExists.c.o
/usr/bin/cc   -DCHECK_FUNCTION_EXISTS=pthread_create   -o CMakeFiles/cmTC_176de.dir/CheckFunctionExists.c.o   -c /usr/local/share/cmake-3.13/Modules/CheckFunctionExists.c
Linking C executable cmTC_176de
/usr/local/bin/cmake -E cmake_link_script CMakeFiles/cmTC_176de.dir/link.txt --verbose=1
/usr/bin/cc  -DCHECK_FUNCTION_EXISTS=pthread_create    -rdynamic CMakeFiles/cmTC_176de.dir/CheckFunctionExists.c.o  -o cmTC_176de -lpthreads 
/usr/bin/ld: cannot find -lpthreads
collect2: error: ld returned 1 exit status
CMakeFiles/cmTC_176de.dir/build.make:86: recipe for target 'cmTC_176de' failed
make[1]: *** [cmTC_176de] Error 1
make[1]: Leaving directory '/home/workspace/SFND_Lidar_Obstacle_Detection/src/quiz/ransac/build/CMakeFiles/CMakeTmp'
Makefile:121: recipe for target 'cmTC_176de/fast' failed
make: *** [cmTC_176de/fast] Error 2


